# JRE version: OpenJDK Runtime Environment (21.0.8) (build 21.0.8+-14018985-b1038.68)
# Java VM: OpenJDK 64-Bit Server VM (21.0.8+-14018985-b1038.68, mixed mode, tiered, compressed oops, compressed class ptrs, g1 gc, windows-amd64)
GC Precious Log:
 CardTable entry size: 512
 Card Set container configuration: InlinePtr #cards 5 size 8 Array Of Cards #cards 12 size 40 Howl #buckets 4 coarsen threshold 1843 Howl Bitmap #cards 512 size 80 coarsen threshold 460 Card regions per heap region 1 cards per card region 2048
 CPUs: 4 total, 4 available
 Memory: 7975M
 Large Page Support: Disabled
 NUMA Support: Disabled
 Compressed Oops: Enabled (32-bit)
 Heap Region Size: 1M
 Heap Min Capacity: 8M
 Heap Initial Capacity: 126M
 Heap Max Capacity: 2G
 Pre-touch: Disabled
 Parallel Workers: 4
 Concurrent Workers: 1
 Concurrent Refinement Workers: 4
 Periodic GC: Disabled
Heap:
 garbage-first heap   total 86016K, used 44999K [0x0000000080000000, 0x0000000100000000)
  region size 1024K, 5 young (5120K), 5 survivors (5120K)
 Metaspace       used 67911K, committed 69568K, reserved 1114112K
  class space    used 9545K, committed 10368K, reserved 1048576K
GC Heap History (20 events):
Event: 4.039 GC heap after
{Heap after GC invocations=7 (full 0):
 garbage-first heap   total 71680K, used 24755K [0x0000000080000000, 0x0000000100000000)
  region size 1024K, 5 young (5120K), 5 survivors (5120K)
 Metaspace       used 32904K, committed 33600K, reserved 1114112K
  class space    used 4475K, committed 4800K, reserved 1048576K
}
Event: 5.198 GC heap before
{Heap before GC invocations=7 (full 0):
 garbage-first heap   total 71680K, used 39091K [0x0000000080000000, 0x0000000100000000)
  region size 1024K, 20 young (20480K), 5 survivors (5120K)
 Metaspace       used 35199K, committed 35968K, reserved 1114112K
  class space    used 4871K, committed 5248K, reserved 1048576K
}
Event: 5.210 GC heap after
{Heap after GC invocations=8 (full 0):
 garbage-first heap   total 71680K, used 25494K [0x0000000080000000, 0x0000000100000000)
  region size 1024K, 1 young (1024K), 1 survivors (1024K)
 Metaspace       used 35199K, committed 35968K, reserved 1114112K
  class space    used 4871K, committed 5248K, reserved 1048576K
}
Event: 6.484 GC heap before
{Heap before GC invocations=9 (full 0):
 garbage-first heap   total 71680K, used 61334K [0x0000000080000000, 0x0000000100000000)
  region size 1024K, 36 young (36864K), 1 survivors (1024K)
 Metaspace       used 42486K, committed 43328K, reserved 1114112K
  class space    used 5854K, committed 6208K, reserved 1048576K
}
Event: 6.490 GC heap after
{Heap after GC invocations=10 (full 0):
 garbage-first heap   total 71680K, used 28722K [0x0000000080000000, 0x0000000100000000)
  region size 1024K, 5 young (5120K), 5 survivors (5120K)
 Metaspace       used 42486K, committed 43328K, reserved 1114112K
  class space    used 5854K, committed 6208K, reserved 1048576K
}
Event: 7.059 GC heap before
{Heap before GC invocations=10 (full 0):
 garbage-first heap   total 71680K, used 60466K [0x0000000080000000, 0x0000000100000000)
  region size 1024K, 37 young (37888K), 5 survivors (5120K)
 Metaspace       used 44529K, committed 45440K, reserved 1114112K
  class space    used 6087K, committed 6528K, reserved 1048576K
}
Event: 7.068 GC heap after
{Heap after GC invocations=11 (full 0):
 garbage-first heap   total 71680K, used 31364K [0x0000000080000000, 0x0000000100000000)
  region size 1024K, 3 young (3072K), 3 survivors (3072K)
 Metaspace       used 44529K, committed 45440K, reserved 1114112K
  class space    used 6087K, committed 6528K, reserved 1048576K
}
Event: 7.147 GC heap before
{Heap before GC invocations=11 (full 0):
 garbage-first heap   total 71680K, used 38532K [0x0000000080000000, 0x0000000100000000)
  region size 1024K, 9 young (9216K), 3 survivors (3072K)
 Metaspace       used 45040K, committed 45952K, reserved 1114112K
  class space    used 6155K, committed 6592K, reserved 1048576K
}
Event: 7.150 GC heap after
{Heap after GC invocations=12 (full 0):
 garbage-first heap   total 86016K, used 33794K [0x0000000080000000, 0x0000000100000000)
  region size 1024K, 1 young (1024K), 1 survivors (1024K)
 Metaspace       used 45040K, committed 45952K, reserved 1114112K
  class space    used 6155K, committed 6592K, reserved 1048576K
}
Event: 7.872 GC heap before
{Heap before GC invocations=12 (full 0):
 garbage-first heap   total 86016K, used 77826K [0x0000000080000000, 0x0000000100000000)
  region size 1024K, 42 young (43008K), 1 survivors (1024K)
 Metaspace       used 50785K, committed 52096K, reserved 1114112K
  class space    used 6988K, committed 7680K, reserved 1048576K
}
Event: 7.878 GC heap after
{Heap after GC invocations=13 (full 0):
 garbage-first heap   total 86016K, used 34380K [0x0000000080000000, 0x0000000100000000)
  region size 1024K, 4 young (4096K), 4 survivors (4096K)
 Metaspace       used 50785K, committed 52096K, reserved 1114112K
  class space    used 6988K, committed 7680K, reserved 1048576K
}
Event: 8.510 GC heap before
{Heap before GC invocations=13 (full 0):
 garbage-first heap   total 86016K, used 74316K [0x0000000080000000, 0x0000000100000000)
  region size 1024K, 44 young (45056K), 4 survivors (4096K)
 Metaspace       used 55545K, committed 56960K, reserved 1114112K
  class space    used 7787K, committed 8448K, reserved 1048576K
}
Event: 8.519 GC heap after
{Heap after GC invocations=14 (full 0):
 garbage-first heap   total 86016K, used 38193K [0x0000000080000000, 0x0000000100000000)
  region size 1024K, 6 young (6144K), 6 survivors (6144K)
 Metaspace       used 55545K, committed 56960K, reserved 1114112K
  class space    used 7787K, committed 8448K, reserved 1048576K
}
Event: 8.974 GC heap before
{Heap before GC invocations=14 (full 0):
 garbage-first heap   total 86016K, used 75057K [0x0000000080000000, 0x0000000100000000)
  region size 1024K, 41 young (41984K), 6 survivors (6144K)
 Metaspace       used 57856K, committed 59264K, reserved 1114112K
  class space    used 8016K, committed 8704K, reserved 1048576K
}
Event: 8.984 GC heap after
{Heap after GC invocations=15 (full 0):
 garbage-first heap   total 86016K, used 40699K [0x0000000080000000, 0x0000000100000000)
  region size 1024K, 3 young (3072K), 3 survivors (3072K)
 Metaspace       used 57856K, committed 59264K, reserved 1114112K
  class space    used 8016K, committed 8704K, reserved 1048576K
}
Event: 9.142 GC heap before
{Heap before GC invocations=15 (full 0):
 garbage-first heap   total 86016K, used 52987K [0x0000000080000000, 0x0000000100000000)
  region size 1024K, 16 young (16384K), 3 survivors (3072K)
 Metaspace       used 58665K, committed 60096K, reserved 1114112K
  class space    used 8156K, committed 8832K, reserved 1048576K
}
Event: 9.147 GC heap after
{Heap after GC invocations=16 (full 0):
 garbage-first heap   total 86016K, used 41581K [0x0000000080000000, 0x0000000100000000)
  region size 1024K, 4 young (4096K), 4 survivors (4096K)
 Metaspace       used 58665K, committed 60096K, reserved 1114112K
  class space    used 8156K, committed 8832K, reserved 1048576K
}
Event: 9.656 GC heap before
{Heap before GC invocations=17 (full 0):
 garbage-first heap   total 86016K, used 76397K [0x0000000080000000, 0x0000000100000000)
  region size 1024K, 38 young (38912K), 4 survivors (4096K)
 Metaspace       used 63412K, committed 64960K, reserved 1114112K
  class space    used 8858K, committed 9600K, reserved 1048576K
}
Event: 9.663 GC heap after
{Heap after GC invocations=18 (full 0):
 garbage-first heap   total 86016K, used 43187K [0x0000000080000000, 0x0000000100000000)
  region size 1024K, 3 young (3072K), 3 survivors (3072K)
 Metaspace       used 63412K, committed 64960K, reserved 1114112K
  class space    used 8858K, committed 9600K, reserved 1048576K
}
Event: 10.118 GC heap before
{Heap before GC invocations=18 (full 0):
 garbage-first heap   total 86016K, used 76979K [0x0000000080000000, 0x0000000100000000)
  region size 1024K, 36 young (36864K), 3 survivors (3072K)
 Metaspace       used 67911K, committed 69568K, reserved 1114112K
  class space    used 9545K, committed 10368K, reserved 1048576K
}

