# JRE version: OpenJDK Runtime Environment (21.0.8) (build 21.0.8+-14018985-b1038.68)
# Java VM: OpenJDK 64-Bit Server VM (21.0.8+-14018985-b1038.68, mixed mode, tiered, compressed oops, compressed class ptrs, g1 gc, windows-amd64)
GC Precious Log:
 CardTable entry size: 512
 Card Set container configuration: InlinePtr #cards 5 size 8 Array Of Cards #cards 12 size 40 Howl #buckets 4 coarsen threshold 1843 Howl Bitmap #cards 512 size 80 coarsen threshold 460 Card regions per heap region 1 cards per card region 2048
 CPUs: 4 total, 4 available
 Memory: 7975M
 Large Page Support: Disabled
 NUMA Support: Disabled
 Compressed Oops: Enabled (32-bit)
 Heap Region Size: 1M
 Heap Min Capacity: 8M
 Heap Initial Capacity: 126M
 Heap Max Capacity: 2G
 Pre-touch: Disabled
 Parallel Workers: 4
 Concurrent Workers: 1
 Concurrent Refinement Workers: 4
 Periodic GC: Disabled
Heap:
 garbage-first heap   total 183296K, used 159506K [0x0000000080000000, 0x0000000100000000)
  region size 1024K, 47 young (48128K), 5 survivors (5120K)
 Metaspace       used 118707K, committed 120960K, reserved 1179648K
  class space    used 16780K, committed 17856K, reserved 1048576K
GC Heap History (20 events):
Event: 16.586 GC heap before
{Heap before GC invocations=37 (full 0):
 garbage-first heap   total 142336K, used 126979K [0x0000000080000000, 0x0000000100000000)
  region size 1024K, 45 young (46080K), 3 survivors (3072K)
 Metaspace       used 93857K, committed 95744K, reserved 1179648K
  class space    used 13010K, committed 13952K, reserved 1048576K
}
Event: 16.595 GC heap after
{Heap after GC invocations=38 (full 0):
 garbage-first heap   total 142336K, used 85084K [0x0000000080000000, 0x0000000100000000)
  region size 1024K, 4 young (4096K), 4 survivors (4096K)
 Metaspace       used 93857K, committed 95744K, reserved 1179648K
  class space    used 13010K, committed 13952K, reserved 1048576K
}
Event: 17.117 GC heap before
{Heap before GC invocations=38 (full 0):
 garbage-first heap   total 142336K, used 129116K [0x0000000080000000, 0x0000000100000000)
  region size 1024K, 47 young (48128K), 4 survivors (4096K)
 Metaspace       used 95342K, committed 97344K, reserved 1179648K
  class space    used 13254K, committed 14208K, reserved 1048576K
}
Event: 17.130 GC heap after
{Heap after GC invocations=39 (full 0):
 garbage-first heap   total 142336K, used 88846K [0x0000000080000000, 0x0000000100000000)
  region size 1024K, 6 young (6144K), 6 survivors (6144K)
 Metaspace       used 95342K, committed 97344K, reserved 1179648K
  class space    used 13254K, committed 14208K, reserved 1048576K
}
Event: 17.624 GC heap before
{Heap before GC invocations=39 (full 0):
 garbage-first heap   total 142336K, used 127758K [0x0000000080000000, 0x0000000100000000)
  region size 1024K, 44 young (45056K), 6 survivors (6144K)
 Metaspace       used 97978K, committed 100032K, reserved 1179648K
  class space    used 13616K, committed 14592K, reserved 1048576K
}
Event: 17.634 GC heap after
{Heap after GC invocations=40 (full 0):
 garbage-first heap   total 142336K, used 90649K [0x0000000080000000, 0x0000000100000000)
  region size 1024K, 3 young (3072K), 3 survivors (3072K)
 Metaspace       used 97978K, committed 100032K, reserved 1179648K
  class space    used 13616K, committed 14592K, reserved 1048576K
}
Event: 18.289 GC heap before
{Heap before GC invocations=41 (full 0):
 garbage-first heap   total 152576K, used 131609K [0x0000000080000000, 0x0000000100000000)
  region size 1024K, 42 young (43008K), 3 survivors (3072K)
 Metaspace       used 101039K, committed 103104K, reserved 1179648K
  class space    used 14135K, committed 15168K, reserved 1048576K
}
Event: 18.294 GC heap after
{Heap after GC invocations=42 (full 0):
 garbage-first heap   total 152576K, used 91611K [0x0000000080000000, 0x0000000100000000)
  region size 1024K, 4 young (4096K), 4 survivors (4096K)
 Metaspace       used 101039K, committed 103104K, reserved 1179648K
  class space    used 14135K, committed 15168K, reserved 1048576K
}
Event: 19.047 GC heap before
{Heap before GC invocations=42 (full 0):
 garbage-first heap   total 152576K, used 139739K [0x0000000080000000, 0x0000000100000000)
  region size 1024K, 51 young (52224K), 4 survivors (4096K)
 Metaspace       used 104783K, committed 106944K, reserved 1179648K
  class space    used 14758K, committed 15808K, reserved 1048576K
}
Event: 19.056 GC heap after
{Heap after GC invocations=43 (full 0):
 garbage-first heap   total 183296K, used 92188K [0x0000000080000000, 0x0000000100000000)
  region size 1024K, 6 young (6144K), 6 survivors (6144K)
 Metaspace       used 104783K, committed 106944K, reserved 1179648K
  class space    used 14758K, committed 15808K, reserved 1048576K
}
Event: 20.194 GC heap before
{Heap before GC invocations=43 (full 0):
 garbage-first heap   total 183296K, used 161820K [0x0000000080000000, 0x0000000100000000)
  region size 1024K, 75 young (76800K), 6 survivors (6144K)
 Metaspace       used 110181K, committed 112320K, reserved 1179648K
  class space    used 15549K, committed 16576K, reserved 1048576K
}
Event: 20.206 GC heap after
{Heap after GC invocations=44 (full 0):
 garbage-first heap   total 183296K, used 95959K [0x0000000080000000, 0x0000000100000000)
  region size 1024K, 8 young (8192K), 8 survivors (8192K)
 Metaspace       used 110181K, committed 112320K, reserved 1179648K
  class space    used 15549K, committed 16576K, reserved 1048576K
}
Event: 21.259 GC heap before
{Heap before GC invocations=44 (full 0):
 garbage-first heap   total 183296K, used 163543K [0x0000000080000000, 0x0000000100000000)
  region size 1024K, 74 young (75776K), 8 survivors (8192K)
 Metaspace       used 115460K, committed 117632K, reserved 1179648K
  class space    used 16293K, committed 17344K, reserved 1048576K
}
Event: 21.279 GC heap after
{Heap after GC invocations=45 (full 0):
 garbage-first heap   total 183296K, used 100233K [0x0000000080000000, 0x0000000100000000)
  region size 1024K, 8 young (8192K), 8 survivors (8192K)
 Metaspace       used 115460K, committed 117632K, reserved 1179648K
  class space    used 16293K, committed 17344K, reserved 1048576K
}
Event: 22.174 GC heap before
{Heap before GC invocations=45 (full 0):
 garbage-first heap   total 183296K, used 164745K [0x0000000080000000, 0x0000000100000000)
  region size 1024K, 71 young (72704K), 8 survivors (8192K)
 Metaspace       used 116539K, committed 118720K, reserved 1179648K
  class space    used 16442K, committed 17472K, reserved 1048576K
}
Event: 22.194 GC heap after
{Heap after GC invocations=46 (full 0):
 garbage-first heap   total 183296K, used 109567K [0x0000000080000000, 0x0000000100000000)
  region size 1024K, 9 young (9216K), 9 survivors (9216K)
 Metaspace       used 116539K, committed 118720K, reserved 1179648K
  class space    used 16442K, committed 17472K, reserved 1048576K
}
Event: 23.234 GC heap before
{Heap before GC invocations=47 (full 0):
 garbage-first heap   total 183296K, used 162815K [0x0000000080000000, 0x0000000100000000)
  region size 1024K, 62 young (63488K), 9 survivors (9216K)
 Metaspace       used 118325K, committed 120640K, reserved 1179648K
  class space    used 16697K, committed 17792K, reserved 1048576K
}
Event: 23.255 GC heap after
{Heap after GC invocations=48 (full 0):
 garbage-first heap   total 183296K, used 117569K [0x0000000080000000, 0x0000000100000000)
  region size 1024K, 7 young (7168K), 7 survivors (7168K)
 Metaspace       used 118325K, committed 120640K, reserved 1179648K
  class space    used 16697K, committed 17792K, reserved 1048576K
}
Event: 23.697 GC heap before
{Heap before GC invocations=48 (full 0):
 garbage-first heap   total 183296K, used 165697K [0x0000000080000000, 0x0000000100000000)
  region size 1024K, 54 young (55296K), 7 survivors (7168K)
 Metaspace       used 118334K, committed 120640K, reserved 1179648K
  class space    used 16697K, committed 17792K, reserved 1048576K
}
Event: 23.711 GC heap after
{Heap after GC invocations=49 (full 0):
 garbage-first heap   total 183296K, used 118546K [0x0000000080000000, 0x0000000100000000)
  region size 1024K, 5 young (5120K), 5 survivors (5120K)
 Metaspace       used 118334K, committed 120640K, reserved 1179648K
  class space    used 16697K, committed 17792K, reserved 1048576K
}

