# JRE version: OpenJDK Runtime Environment (21.0.8) (build 21.0.8+-14018985-b1038.68)
# Java VM: OpenJDK 64-Bit Server VM (21.0.8+-14018985-b1038.68, mixed mode, tiered, compressed oops, compressed class ptrs, g1 gc, windows-amd64)
GC Precious Log:
 CardTable entry size: 512
 Card Set container configuration: InlinePtr #cards 5 size 8 Array Of Cards #cards 12 size 40 Howl #buckets 4 coarsen threshold 1843 Howl Bitmap #cards 512 size 80 coarsen threshold 460 Card regions per heap region 1 cards per card region 2048
 CPUs: 4 total, 4 available
 Memory: 7975M
 Large Page Support: Disabled
 NUMA Support: Disabled
 Compressed Oops: Enabled (32-bit)
 Heap Region Size: 1M
 Heap Min Capacity: 8M
 Heap Initial Capacity: 126M
 Heap Max Capacity: 2G
 Pre-touch: Disabled
 Parallel Workers: 4
 Concurrent Workers: 1
 Concurrent Refinement Workers: 4
 Periodic GC: Disabled
Heap:
 garbage-first heap   total 86016K, used 59830K [0x0000000080000000, 0x0000000100000000)
  region size 1024K, 21 young (21504K), 2 survivors (2048K)
 Metaspace       used 61375K, committed 62912K, reserved 1114112K
  class space    used 8565K, committed 9280K, reserved 1048576K
GC Heap History (20 events):
Event: 4.615 GC heap before
{Heap before GC invocations=5 (full 0):
 garbage-first heap   total 71680K, used 60711K [0x0000000080000000, 0x0000000100000000)
  region size 1024K, 42 young (43008K), 3 survivors (3072K)
 Metaspace       used 28117K, committed 28544K, reserved 1114112K
  class space    used 3639K, committed 3840K, reserved 1048576K
}
Event: 4.621 GC heap after
{Heap after GC invocations=6 (full 0):
 garbage-first heap   total 71680K, used 22070K [0x0000000080000000, 0x0000000100000000)
  region size 1024K, 4 young (4096K), 4 survivors (4096K)
 Metaspace       used 28117K, committed 28544K, reserved 1114112K
  class space    used 3639K, committed 3840K, reserved 1048576K
}
Event: 5.188 GC heap before
{Heap before GC invocations=6 (full 0):
 garbage-first heap   total 71680K, used 57910K [0x0000000080000000, 0x0000000100000000)
  region size 1024K, 40 young (40960K), 4 survivors (4096K)
 Metaspace       used 32962K, committed 33664K, reserved 1114112K
  class space    used 4486K, committed 4800K, reserved 1048576K
}
Event: 5.195 GC heap after
{Heap after GC invocations=7 (full 0):
 garbage-first heap   total 71680K, used 24559K [0x0000000080000000, 0x0000000100000000)
  region size 1024K, 5 young (5120K), 5 survivors (5120K)
 Metaspace       used 32962K, committed 33664K, reserved 1114112K
  class space    used 4486K, committed 4800K, reserved 1048576K
}
Event: 5.404 GC heap before
{Heap before GC invocations=7 (full 0):
 garbage-first heap   total 71680K, used 38895K [0x0000000080000000, 0x0000000100000000)
  region size 1024K, 20 young (20480K), 5 survivors (5120K)
 Metaspace       used 35199K, committed 35968K, reserved 1114112K
  class space    used 4871K, committed 5184K, reserved 1048576K
}
Event: 5.410 GC heap after
{Heap after GC invocations=8 (full 0):
 garbage-first heap   total 71680K, used 25600K [0x0000000080000000, 0x0000000100000000)
  region size 1024K, 1 young (1024K), 1 survivors (1024K)
 Metaspace       used 35199K, committed 35968K, reserved 1114112K
  class space    used 4871K, committed 5184K, reserved 1048576K
}
Event: 6.029 GC heap before
{Heap before GC invocations=9 (full 0):
 garbage-first heap   total 71680K, used 61440K [0x0000000080000000, 0x0000000100000000)
  region size 1024K, 36 young (36864K), 1 survivors (1024K)
 Metaspace       used 42615K, committed 43584K, reserved 1114112K
  class space    used 5874K, committed 6336K, reserved 1048576K
}
Event: 6.034 GC heap after
{Heap after GC invocations=10 (full 0):
 garbage-first heap   total 71680K, used 29148K [0x0000000080000000, 0x0000000100000000)
  region size 1024K, 5 young (5120K), 5 survivors (5120K)
 Metaspace       used 42615K, committed 43584K, reserved 1114112K
  class space    used 5874K, committed 6336K, reserved 1048576K
}
Event: 6.326 GC heap before
{Heap before GC invocations=10 (full 0):
 garbage-first heap   total 71680K, used 59868K [0x0000000080000000, 0x0000000100000000)
  region size 1024K, 36 young (36864K), 5 survivors (5120K)
 Metaspace       used 44507K, committed 45440K, reserved 1114112K
  class space    used 6097K, committed 6528K, reserved 1048576K
}
Event: 6.334 GC heap after
{Heap after GC invocations=11 (full 0):
 garbage-first heap   total 71680K, used 31740K [0x0000000080000000, 0x0000000100000000)
  region size 1024K, 3 young (3072K), 3 survivors (3072K)
 Metaspace       used 44507K, committed 45440K, reserved 1114112K
  class space    used 6097K, committed 6528K, reserved 1048576K
}
Event: 6.403 GC heap before
{Heap before GC invocations=11 (full 0):
 garbage-first heap   total 71680K, used 38908K [0x0000000080000000, 0x0000000100000000)
  region size 1024K, 9 young (9216K), 3 survivors (3072K)
 Metaspace       used 44995K, committed 45952K, reserved 1114112K
  class space    used 6157K, committed 6592K, reserved 1048576K
}
Event: 6.406 GC heap after
{Heap after GC invocations=12 (full 0):
 garbage-first heap   total 71680K, used 34116K [0x0000000080000000, 0x0000000100000000)
  region size 1024K, 1 young (1024K), 1 survivors (1024K)
 Metaspace       used 44995K, committed 45952K, reserved 1114112K
  class space    used 6157K, committed 6592K, reserved 1048576K
}
Event: 6.829 GC heap before
{Heap before GC invocations=13 (full 0):
 garbage-first heap   total 71680K, used 64836K [0x0000000080000000, 0x0000000100000000)
  region size 1024K, 29 young (29696K), 1 survivors (1024K)
 Metaspace       used 49012K, committed 50112K, reserved 1114112K
  class space    used 6711K, committed 7232K, reserved 1048576K
}
Event: 6.835 GC heap after
{Heap after GC invocations=14 (full 0):
 garbage-first heap   total 71680K, used 33945K [0x0000000080000000, 0x0000000100000000)
  region size 1024K, 3 young (3072K), 3 survivors (3072K)
 Metaspace       used 49012K, committed 50112K, reserved 1114112K
  class space    used 6711K, committed 7232K, reserved 1048576K
}
Event: 7.164 GC heap before
{Heap before GC invocations=14 (full 0):
 garbage-first heap   total 71680K, used 62617K [0x0000000080000000, 0x0000000100000000)
  region size 1024K, 31 young (31744K), 3 survivors (3072K)
 Metaspace       used 52687K, committed 54080K, reserved 1114112K
  class space    used 7320K, committed 8000K, reserved 1048576K
}
Event: 7.169 GC heap after
{Heap after GC invocations=15 (full 0):
 garbage-first heap   total 86016K, used 34910K [0x0000000080000000, 0x0000000100000000)
  region size 1024K, 2 young (2048K), 2 survivors (2048K)
 Metaspace       used 52687K, committed 54080K, reserved 1114112K
  class space    used 7320K, committed 8000K, reserved 1048576K
}
Event: 7.795 GC heap before
{Heap before GC invocations=15 (full 0):
 garbage-first heap   total 86016K, used 74846K [0x0000000080000000, 0x0000000100000000)
  region size 1024K, 43 young (44032K), 2 survivors (2048K)
 Metaspace       used 56808K, committed 58304K, reserved 1114112K
  class space    used 7993K, committed 8704K, reserved 1048576K
}
Event: 7.802 GC heap after
{Heap after GC invocations=16 (full 0):
 garbage-first heap   total 86016K, used 40603K [0x0000000080000000, 0x0000000100000000)
  region size 1024K, 6 young (6144K), 6 survivors (6144K)
 Metaspace       used 56808K, committed 58304K, reserved 1114112K
  class space    used 7993K, committed 8704K, reserved 1048576K
}
Event: 8.121 GC heap before
{Heap before GC invocations=17 (full 0):
 garbage-first heap   total 86016K, used 76443K [0x0000000080000000, 0x0000000100000000)
  region size 1024K, 39 young (39936K), 6 survivors (6144K)
 Metaspace       used 58701K, committed 60224K, reserved 1114112K
  class space    used 8200K, committed 8896K, reserved 1048576K
}
Event: 8.128 GC heap after
{Heap after GC invocations=18 (full 0):
 garbage-first heap   total 86016K, used 41398K [0x0000000080000000, 0x0000000100000000)
  region size 1024K, 2 young (2048K), 2 survivors (2048K)
 Metaspace       used 58701K, committed 60224K, reserved 1114112K
  class space    used 8200K, committed 8896K, reserved 1048576K
}

