# JRE version: OpenJDK Runtime Environment (21.0.8) (build 21.0.8+-14018985-b1038.68)
# Java VM: OpenJDK 64-Bit Server VM (21.0.8+-14018985-b1038.68, mixed mode, tiered, compressed oops, compressed class ptrs, g1 gc, windows-amd64)
GC Precious Log:
 CardTable entry size: 512
 Card Set container configuration: InlinePtr #cards 5 size 8 Array Of Cards #cards 12 size 40 Howl #buckets 4 coarsen threshold 1843 Howl Bitmap #cards 512 size 80 coarsen threshold 460 Card regions per heap region 1 cards per card region 2048
 CPUs: 4 total, 4 available
 Memory: 7975M
 Large Page Support: Disabled
 NUMA Support: Disabled
 Compressed Oops: Enabled (32-bit)
 Heap Region Size: 1M
 Heap Min Capacity: 8M
 Heap Initial Capacity: 126M
 Heap Max Capacity: 2G
 Pre-touch: Disabled
 Parallel Workers: 4
 Concurrent Workers: 1
 Concurrent Refinement Workers: 4
 Periodic GC: Disabled
Heap:
 garbage-first heap   total 82944K, used 73385K [0x0000000080000000, 0x0000000100000000)
  region size 1024K, 40 young (40960K), 5 survivors (5120K)
 Metaspace       used 57910K, committed 59392K, reserved 1114112K
  class space    used 8041K, committed 8768K, reserved 1048576K
GC Heap History (20 events):
Event: 1.368 GC heap before
{Heap before GC invocations=2 (full 0):
 garbage-first heap   total 129024K, used 83910K [0x0000000080000000, 0x0000000100000000)
  region size 1024K, 75 young (76800K), 4 survivors (4096K)
 Metaspace       used 16598K, committed 16896K, reserved 1114112K
  class space    used 1927K, committed 2048K, reserved 1048576K
}
Event: 1.375 GC heap after
{Heap after GC invocations=3 (full 0):
 garbage-first heap   total 129024K, used 17408K [0x0000000080000000, 0x0000000100000000)
  region size 1024K, 10 young (10240K), 10 survivors (10240K)
 Metaspace       used 16598K, committed 16896K, reserved 1114112K
  class space    used 1927K, committed 2048K, reserved 1048576K
}
Event: 1.732 GC heap before
{Heap before GC invocations=3 (full 0):
 garbage-first heap   total 129024K, used 34816K [0x0000000080000000, 0x0000000100000000)
  region size 1024K, 28 young (28672K), 10 survivors (10240K)
 Metaspace       used 21187K, committed 21504K, reserved 1114112K
  class space    used 2535K, committed 2688K, reserved 1048576K
}
Event: 1.743 GC heap after
{Heap after GC invocations=4 (full 0):
 garbage-first heap   total 129024K, used 19769K [0x0000000080000000, 0x0000000100000000)
  region size 1024K, 3 young (3072K), 3 survivors (3072K)
 Metaspace       used 21187K, committed 21504K, reserved 1114112K
  class space    used 2535K, committed 2688K, reserved 1048576K
}
Event: 2.481 GC heap before
{Heap before GC invocations=5 (full 0):
 garbage-first heap   total 68608K, used 57657K [0x0000000080000000, 0x0000000100000000)
  region size 1024K, 40 young (40960K), 3 survivors (3072K)
 Metaspace       used 27789K, committed 28224K, reserved 1114112K
  class space    used 3591K, committed 3776K, reserved 1048576K
}
Event: 2.485 GC heap after
{Heap after GC invocations=6 (full 0):
 garbage-first heap   total 68608K, used 21224K [0x0000000080000000, 0x0000000100000000)
  region size 1024K, 4 young (4096K), 4 survivors (4096K)
 Metaspace       used 27789K, committed 28224K, reserved 1114112K
  class space    used 3591K, committed 3776K, reserved 1048576K
}
Event: 3.060 GC heap before
{Heap before GC invocations=6 (full 0):
 garbage-first heap   total 68608K, used 55016K [0x0000000080000000, 0x0000000100000000)
  region size 1024K, 38 young (38912K), 4 survivors (4096K)
 Metaspace       used 32374K, committed 33088K, reserved 1114112K
  class space    used 4402K, committed 4736K, reserved 1048576K
}
Event: 3.067 GC heap after
{Heap after GC invocations=7 (full 0):
 garbage-first heap   total 68608K, used 23948K [0x0000000080000000, 0x0000000100000000)
  region size 1024K, 5 young (5120K), 5 survivors (5120K)
 Metaspace       used 32374K, committed 33088K, reserved 1114112K
  class space    used 4402K, committed 4736K, reserved 1048576K
}
Event: 3.599 GC heap before
{Heap before GC invocations=7 (full 0):
 garbage-first heap   total 68608K, used 41356K [0x0000000080000000, 0x0000000100000000)
  region size 1024K, 24 young (24576K), 5 survivors (5120K)
 Metaspace       used 35207K, committed 35968K, reserved 1114112K
  class space    used 4881K, committed 5248K, reserved 1048576K
}
Event: 3.607 GC heap after
{Heap after GC invocations=8 (full 0):
 garbage-first heap   total 68608K, used 25403K [0x0000000080000000, 0x0000000100000000)
  region size 1024K, 2 young (2048K), 2 survivors (2048K)
 Metaspace       used 35207K, committed 35968K, reserved 1114112K
  class space    used 4881K, committed 5248K, reserved 1048576K
}
Event: 4.157 GC heap before
{Heap before GC invocations=9 (full 0):
 garbage-first heap   total 68608K, used 57147K [0x0000000080000000, 0x0000000100000000)
  region size 1024K, 33 young (33792K), 2 survivors (2048K)
 Metaspace       used 41779K, committed 42624K, reserved 1114112K
  class space    used 5769K, committed 6208K, reserved 1048576K
}
Event: 4.162 GC heap after
{Heap after GC invocations=10 (full 0):
 garbage-first heap   total 68608K, used 28059K [0x0000000080000000, 0x0000000100000000)
  region size 1024K, 4 young (4096K), 4 survivors (4096K)
 Metaspace       used 41779K, committed 42624K, reserved 1114112K
  class space    used 5769K, committed 6208K, reserved 1048576K
}
Event: 4.643 GC heap before
{Heap before GC invocations=10 (full 0):
 garbage-first heap   total 68608K, used 56731K [0x0000000080000000, 0x0000000100000000)
  region size 1024K, 33 young (33792K), 4 survivors (4096K)
 Metaspace       used 43967K, committed 44800K, reserved 1114112K
  class space    used 6010K, committed 6400K, reserved 1048576K
}
Event: 4.655 GC heap after
{Heap after GC invocations=11 (full 0):
 garbage-first heap   total 68608K, used 31376K [0x0000000080000000, 0x0000000100000000)
  region size 1024K, 4 young (4096K), 4 survivors (4096K)
 Metaspace       used 43967K, committed 44800K, reserved 1114112K
  class space    used 6010K, committed 6400K, reserved 1048576K
}
Event: 4.861 GC heap before
{Heap before GC invocations=11 (full 0):
 garbage-first heap   total 68608K, used 45712K [0x0000000080000000, 0x0000000100000000)
  region size 1024K, 16 young (16384K), 4 survivors (4096K)
 Metaspace       used 45018K, committed 45952K, reserved 1114112K
  class space    used 6165K, committed 6592K, reserved 1048576K
}
Event: 4.866 GC heap after
{Heap after GC invocations=12 (full 0):
 garbage-first heap   total 82944K, used 33524K [0x0000000080000000, 0x0000000100000000)
  region size 1024K, 2 young (2048K), 2 survivors (2048K)
 Metaspace       used 45018K, committed 45952K, reserved 1114112K
  class space    used 6165K, committed 6592K, reserved 1048576K
}
Event: 5.610 GC heap before
{Heap before GC invocations=12 (full 0):
 garbage-first heap   total 82944K, used 70388K [0x0000000080000000, 0x0000000100000000)
  region size 1024K, 36 young (36864K), 2 survivors (2048K)
 Metaspace       used 49671K, committed 50880K, reserved 1114112K
  class space    used 6819K, committed 7424K, reserved 1048576K
}
Event: 5.616 GC heap after
{Heap after GC invocations=13 (full 0):
 garbage-first heap   total 82944K, used 33939K [0x0000000080000000, 0x0000000100000000)
  region size 1024K, 4 young (4096K), 4 survivors (4096K)
 Metaspace       used 49671K, committed 50880K, reserved 1114112K
  class space    used 6819K, committed 7424K, reserved 1048576K
}
Event: 6.142 GC heap before
{Heap before GC invocations=13 (full 0):
 garbage-first heap   total 82944K, used 69779K [0x0000000080000000, 0x0000000100000000)
  region size 1024K, 39 young (39936K), 4 survivors (4096K)
 Metaspace       used 54447K, committed 55872K, reserved 1114112K
  class space    used 7615K, committed 8320K, reserved 1048576K
}
Event: 6.149 GC heap after
{Heap after GC invocations=14 (full 0):
 garbage-first heap   total 82944K, used 35497K [0x0000000080000000, 0x0000000100000000)
  region size 1024K, 5 young (5120K), 5 survivors (5120K)
 Metaspace       used 54447K, committed 55872K, reserved 1114112K
  class space    used 7615K, committed 8320K, reserved 1048576K
}

