# JRE version: OpenJDK Runtime Environment (21.0.8) (build 21.0.8+-14018985-b1038.68)
# Java VM: OpenJDK 64-Bit Server VM (21.0.8+-14018985-b1038.68, mixed mode, tiered, compressed oops, compressed class ptrs, g1 gc, windows-amd64)
GC Precious Log:
 CardTable entry size: 512
 Card Set container configuration: InlinePtr #cards 5 size 8 Array Of Cards #cards 12 size 40 Howl #buckets 4 coarsen threshold 1843 Howl Bitmap #cards 512 size 80 coarsen threshold 460 Card regions per heap region 1 cards per card region 2048
 CPUs: 4 total, 4 available
 Memory: 7975M
 Large Page Support: Disabled
 NUMA Support: Disabled
 Compressed Oops: Enabled (32-bit)
 Heap Region Size: 1M
 Heap Min Capacity: 8M
 Heap Initial Capacity: 126M
 Heap Max Capacity: 2G
 Pre-touch: Disabled
 Parallel Workers: 4
 Concurrent Workers: 1
 Concurrent Refinement Workers: 4
 Periodic GC: Disabled
Heap:
 garbage-first heap   total 169984K, used 115709K [0x0000000080000000, 0x0000000100000000)
  region size 1024K, 16 young (16384K), 8 survivors (8192K)
 Metaspace       used 115982K, committed 118144K, reserved 1179648K
  class space    used 16406K, committed 17472K, reserved 1048576K
GC Heap History (20 events):
Event: 13.841 GC heap before
{Heap before GC invocations=34 (full 0):
 garbage-first heap   total 137216K, used 127845K [0x0000000080000000, 0x0000000100000000)
  region size 1024K, 49 young (50176K), 4 survivors (4096K)
 Metaspace       used 85817K, committed 87680K, reserved 1179648K
  class space    used 11957K, committed 12864K, reserved 1048576K
}
Event: 13.850 GC heap after
{Heap after GC invocations=35 (full 0):
 garbage-first heap   total 137216K, used 80567K [0x0000000080000000, 0x0000000100000000)
  region size 1024K, 7 young (7168K), 7 survivors (7168K)
 Metaspace       used 85817K, committed 87680K, reserved 1179648K
  class space    used 11957K, committed 12864K, reserved 1048576K
}
Event: 14.483 GC heap before
{Heap before GC invocations=35 (full 0):
 garbage-first heap   total 137216K, used 121527K [0x0000000080000000, 0x0000000100000000)
  region size 1024K, 47 young (48128K), 7 survivors (7168K)
 Metaspace       used 90005K, committed 91904K, reserved 1179648K
  class space    used 12498K, committed 13440K, reserved 1048576K
}
Event: 14.492 GC heap after
{Heap after GC invocations=36 (full 0):
 garbage-first heap   total 137216K, used 83469K [0x0000000080000000, 0x0000000100000000)
  region size 1024K, 3 young (3072K), 3 survivors (3072K)
 Metaspace       used 90005K, committed 91904K, reserved 1179648K
  class space    used 12498K, committed 13440K, reserved 1048576K
}
Event: 15.024 GC heap before
{Heap before GC invocations=37 (full 0):
 garbage-first heap   total 140288K, used 125453K [0x0000000080000000, 0x0000000100000000)
  region size 1024K, 44 young (45056K), 3 survivors (3072K)
 Metaspace       used 93557K, committed 95488K, reserved 1179648K
  class space    used 12978K, committed 13952K, reserved 1048576K
}
Event: 15.029 GC heap after
{Heap after GC invocations=38 (full 0):
 garbage-first heap   total 140288K, used 84898K [0x0000000080000000, 0x0000000100000000)
  region size 1024K, 4 young (4096K), 4 survivors (4096K)
 Metaspace       used 93557K, committed 95488K, reserved 1179648K
  class space    used 12978K, committed 13952K, reserved 1048576K
}
Event: 15.503 GC heap before
{Heap before GC invocations=38 (full 0):
 garbage-first heap   total 140288K, used 127906K [0x0000000080000000, 0x0000000100000000)
  region size 1024K, 46 young (47104K), 4 survivors (4096K)
 Metaspace       used 95285K, committed 97216K, reserved 1179648K
  class space    used 13256K, committed 14208K, reserved 1048576K
}
Event: 15.514 GC heap after
{Heap after GC invocations=39 (full 0):
 garbage-first heap   total 140288K, used 88465K [0x0000000080000000, 0x0000000100000000)
  region size 1024K, 6 young (6144K), 6 survivors (6144K)
 Metaspace       used 95285K, committed 97216K, reserved 1179648K
  class space    used 13256K, committed 14208K, reserved 1048576K
}
Event: 15.900 GC heap before
{Heap before GC invocations=39 (full 0):
 garbage-first heap   total 140288K, used 125329K [0x0000000080000000, 0x0000000100000000)
  region size 1024K, 42 young (43008K), 6 survivors (6144K)
 Metaspace       used 97363K, committed 99392K, reserved 1179648K
  class space    used 13528K, committed 14528K, reserved 1048576K
}
Event: 15.909 GC heap after
{Heap after GC invocations=40 (full 0):
 garbage-first heap   total 168960K, used 90247K [0x0000000080000000, 0x0000000100000000)
  region size 1024K, 4 young (4096K), 4 survivors (4096K)
 Metaspace       used 97363K, committed 99392K, reserved 1179648K
  class space    used 13528K, committed 14528K, reserved 1048576K
}
Event: 16.676 GC heap before
{Heap before GC invocations=41 (full 0):
 garbage-first heap   total 168960K, used 150663K [0x0000000080000000, 0x0000000100000000)
  region size 1024K, 63 young (64512K), 4 survivors (4096K)
 Metaspace       used 102072K, committed 104128K, reserved 1179648K
  class space    used 14364K, committed 15360K, reserved 1048576K
}
Event: 16.682 GC heap after
{Heap after GC invocations=42 (full 0):
 garbage-first heap   total 168960K, used 91661K [0x0000000080000000, 0x0000000100000000)
  region size 1024K, 6 young (6144K), 6 survivors (6144K)
 Metaspace       used 102072K, committed 104128K, reserved 1179648K
  class space    used 14364K, committed 15360K, reserved 1048576K
}
Event: 17.384 GC heap before
{Heap before GC invocations=42 (full 0):
 garbage-first heap   total 168960K, used 152077K [0x0000000080000000, 0x0000000100000000)
  region size 1024K, 65 young (66560K), 6 survivors (6144K)
 Metaspace       used 106519K, committed 108608K, reserved 1179648K
  class space    used 15017K, committed 16000K, reserved 1048576K
}
Event: 17.396 GC heap after
{Heap after GC invocations=43 (full 0):
 garbage-first heap   total 168960K, used 93497K [0x0000000080000000, 0x0000000100000000)
  region size 1024K, 5 young (5120K), 5 survivors (5120K)
 Metaspace       used 106519K, committed 108608K, reserved 1179648K
  class space    used 15017K, committed 16000K, reserved 1048576K
}
Event: 18.188 GC heap before
{Heap before GC invocations=43 (full 0):
 garbage-first heap   total 168960K, used 153913K [0x0000000080000000, 0x0000000100000000)
  region size 1024K, 64 young (65536K), 5 survivors (5120K)
 Metaspace       used 111377K, committed 113536K, reserved 1179648K
  class space    used 15772K, committed 16832K, reserved 1048576K
}
Event: 18.198 GC heap after
{Heap after GC invocations=44 (full 0):
 garbage-first heap   total 168960K, used 96694K [0x0000000080000000, 0x0000000100000000)
  region size 1024K, 6 young (6144K), 6 survivors (6144K)
 Metaspace       used 111377K, committed 113536K, reserved 1179648K
  class space    used 15772K, committed 16832K, reserved 1048576K
}
Event: 19.090 GC heap before
{Heap before GC invocations=45 (full 0):
 garbage-first heap   total 168960K, used 153014K [0x0000000080000000, 0x0000000100000000)
  region size 1024K, 61 young (62464K), 6 survivors (6144K)
 Metaspace       used 115361K, committed 117568K, reserved 1179648K
  class space    used 16337K, committed 17408K, reserved 1048576K
}
Event: 19.102 GC heap after
{Heap after GC invocations=46 (full 0):
 garbage-first heap   total 168960K, used 100897K [0x0000000080000000, 0x0000000100000000)
  region size 1024K, 7 young (7168K), 7 survivors (7168K)
 Metaspace       used 115361K, committed 117568K, reserved 1179648K
  class space    used 16337K, committed 17408K, reserved 1048576K
}
Event: 19.652 GC heap before
{Heap before GC invocations=46 (full 0):
 garbage-first heap   total 168960K, used 152097K [0x0000000080000000, 0x0000000100000000)
  region size 1024K, 57 young (58368K), 7 survivors (7168K)
 Metaspace       used 115619K, committed 117760K, reserved 1179648K
  class space    used 16355K, committed 17408K, reserved 1048576K
}
Event: 19.676 GC heap after
{Heap after GC invocations=47 (full 0):
 garbage-first heap   total 169984K, used 108541K [0x0000000080000000, 0x0000000100000000)
  region size 1024K, 8 young (8192K), 8 survivors (8192K)
 Metaspace       used 115619K, committed 117760K, reserved 1179648K
  class space    used 16355K, committed 17408K, reserved 1048576K
}

