# JRE version: OpenJDK Runtime Environment (21.0.8) (build 21.0.8+-14018985-b1038.68)
# Java VM: OpenJDK 64-Bit Server VM (21.0.8+-14018985-b1038.68, mixed mode, tiered, compressed oops, compressed class ptrs, g1 gc, windows-amd64)
GC Precious Log:
 CardTable entry size: 512
 Card Set container configuration: InlinePtr #cards 5 size 8 Array Of Cards #cards 12 size 40 Howl #buckets 4 coarsen threshold 1843 Howl Bitmap #cards 512 size 80 coarsen threshold 460 Card regions per heap region 1 cards per card region 2048
 CPUs: 4 total, 4 available
 Memory: 7975M
 Large Page Support: Disabled
 NUMA Support: Disabled
 Compressed Oops: Enabled (32-bit)
 Heap Region Size: 1M
 Heap Min Capacity: 8M
 Heap Initial Capacity: 126M
 Heap Max Capacity: 2G
 Pre-touch: Disabled
 Parallel Workers: 4
 Concurrent Workers: 1
 Concurrent Refinement Workers: 4
 Periodic GC: Disabled
Heap:
 garbage-first heap   total 293888K, used 255691K [0x0000000080000000, 0x0000000100000000)
  region size 1024K, 94 young (96256K), 7 survivors (7168K)
 Metaspace       used 129688K, committed 131968K, reserved 1179648K
  class space    used 18010K, committed 19136K, reserved 1048576K
GC Heap History (20 events):
Event: 29.922 GC heap before
{Heap before GC invocations=47 (full 0):
 garbage-first heap   total 172032K, used 156366K [0x0000000080000000, 0x0000000100000000)
  region size 1024K, 63 young (64512K), 6 survivors (6144K)
 Metaspace       used 115511K, committed 117696K, reserved 1179648K
  class space    used 16326K, committed 17408K, reserved 1048576K
}
Event: 29.940 GC heap after
{Heap after GC invocations=48 (full 0):
 garbage-first heap   total 172032K, used 102205K [0x0000000080000000, 0x0000000100000000)
  region size 1024K, 8 young (8192K), 8 survivors (8192K)
 Metaspace       used 115511K, committed 117696K, reserved 1179648K
  class space    used 16326K, committed 17408K, reserved 1048576K
}
Event: 30.839 GC heap before
{Heap before GC invocations=48 (full 0):
 garbage-first heap   total 172032K, used 154429K [0x0000000080000000, 0x0000000100000000)
  region size 1024K, 59 young (60416K), 8 survivors (8192K)
 Metaspace       used 117628K, committed 119808K, reserved 1179648K
  class space    used 16666K, committed 17728K, reserved 1048576K
}
Event: 30.860 GC heap after
{Heap after GC invocations=49 (full 0):
 garbage-first heap   total 172032K, used 110712K [0x0000000080000000, 0x0000000100000000)
  region size 1024K, 8 young (8192K), 8 survivors (8192K)
 Metaspace       used 117628K, committed 119808K, reserved 1179648K
  class space    used 16666K, committed 17728K, reserved 1048576K
}
Event: 31.645 GC heap before
{Heap before GC invocations=50 (full 0):
 garbage-first heap   total 186368K, used 151672K [0x0000000080000000, 0x0000000100000000)
  region size 1024K, 49 young (50176K), 8 survivors (8192K)
 Metaspace       used 118010K, committed 120192K, reserved 1179648K
  class space    used 16682K, committed 17728K, reserved 1048576K
}
Event: 31.662 GC heap after
{Heap after GC invocations=51 (full 0):
 garbage-first heap   total 186368K, used 117248K [0x0000000080000000, 0x0000000100000000)
  region size 1024K, 7 young (7168K), 7 survivors (7168K)
 Metaspace       used 118010K, committed 120192K, reserved 1179648K
  class space    used 16682K, committed 17728K, reserved 1048576K
}
Event: 32.032 GC heap before
{Heap before GC invocations=51 (full 0):
 garbage-first heap   total 186368K, used 168448K [0x0000000080000000, 0x0000000100000000)
  region size 1024K, 57 young (58368K), 7 survivors (7168K)
 Metaspace       used 118021K, committed 120192K, reserved 1179648K
  class space    used 16682K, committed 17728K, reserved 1048576K
}
Event: 32.045 GC heap after
{Heap after GC invocations=52 (full 0):
 garbage-first heap   total 224256K, used 118068K [0x0000000080000000, 0x0000000100000000)
  region size 1024K, 5 young (5120K), 5 survivors (5120K)
 Metaspace       used 118021K, committed 120192K, reserved 1179648K
  class space    used 16682K, committed 17728K, reserved 1048576K
}
Event: 33.273 GC heap before
{Heap before GC invocations=52 (full 0):
 garbage-first heap   total 224256K, used 205108K [0x0000000080000000, 0x0000000100000000)
  region size 1024K, 83 young (84992K), 5 survivors (5120K)
 Metaspace       used 121271K, committed 123520K, reserved 1179648K
  class space    used 17024K, committed 18112K, reserved 1048576K
}
Event: 33.292 GC heap after
{Heap after GC invocations=53 (full 0):
 garbage-first heap   total 227328K, used 134144K [0x0000000080000000, 0x0000000100000000)
  region size 1024K, 11 young (11264K), 11 survivors (11264K)
 Metaspace       used 121271K, committed 123520K, reserved 1179648K
  class space    used 17024K, committed 18112K, reserved 1048576K
}
Event: 34.226 GC heap before
{Heap before GC invocations=53 (full 0):
 garbage-first heap   total 227328K, used 191488K [0x0000000080000000, 0x0000000100000000)
  region size 1024K, 66 young (67584K), 11 survivors (11264K)
 Metaspace       used 124207K, committed 126464K, reserved 1179648K
  class space    used 17392K, committed 18496K, reserved 1048576K
}
Event: 34.255 GC heap after
{Heap after GC invocations=54 (full 0):
 garbage-first heap   total 227328K, used 153600K [0x0000000080000000, 0x0000000100000000)
  region size 1024K, 9 young (9216K), 9 survivors (9216K)
 Metaspace       used 124207K, committed 126464K, reserved 1179648K
  class space    used 17392K, committed 18496K, reserved 1048576K
}
Event: 35.338 GC heap before
{Heap before GC invocations=55 (full 0):
 garbage-first heap   total 293888K, used 218112K [0x0000000080000000, 0x0000000100000000)
  region size 1024K, 51 young (52224K), 9 survivors (9216K)
 Metaspace       used 126301K, committed 128576K, reserved 1179648K
  class space    used 17611K, committed 18752K, reserved 1048576K
}
Event: 35.356 GC heap after
{Heap after GC invocations=56 (full 0):
 garbage-first heap   total 293888K, used 156576K [0x0000000080000000, 0x0000000100000000)
  region size 1024K, 4 young (4096K), 4 survivors (4096K)
 Metaspace       used 126301K, committed 128576K, reserved 1179648K
  class space    used 17611K, committed 18752K, reserved 1048576K
}
Event: 37.224 GC heap before
{Heap before GC invocations=56 (full 0):
 garbage-first heap   total 293888K, used 236448K [0x0000000080000000, 0x0000000100000000)
  region size 1024K, 83 young (84992K), 4 survivors (4096K)
 Metaspace       used 127056K, committed 129280K, reserved 1179648K
  class space    used 17699K, committed 18816K, reserved 1048576K
}
Event: 37.234 GC heap after
{Heap after GC invocations=57 (full 0):
 garbage-first heap   total 293888K, used 158198K [0x0000000080000000, 0x0000000100000000)
  region size 1024K, 7 young (7168K), 7 survivors (7168K)
 Metaspace       used 127056K, committed 129280K, reserved 1179648K
  class space    used 17699K, committed 18816K, reserved 1048576K
}
Event: 38.626 GC heap before
{Heap before GC invocations=57 (full 0):
 garbage-first heap   total 293888K, used 246262K [0x0000000080000000, 0x0000000100000000)
  region size 1024K, 93 young (95232K), 7 survivors (7168K)
 Metaspace       used 128517K, committed 130816K, reserved 1179648K
  class space    used 17879K, committed 19008K, reserved 1048576K
}
Event: 38.640 GC heap after
{Heap after GC invocations=58 (full 0):
 garbage-first heap   total 293888K, used 163427K [0x0000000080000000, 0x0000000100000000)
  region size 1024K, 10 young (10240K), 10 survivors (10240K)
 Metaspace       used 128517K, committed 130816K, reserved 1179648K
  class space    used 17879K, committed 19008K, reserved 1048576K
}
Event: 39.186 GC heap before
{Heap before GC invocations=58 (full 0):
 garbage-first heap   total 293888K, used 250467K [0x0000000080000000, 0x0000000100000000)
  region size 1024K, 96 young (98304K), 10 survivors (10240K)
 Metaspace       used 129151K, committed 131456K, reserved 1179648K
  class space    used 17949K, committed 19072K, reserved 1048576K
}
Event: 39.203 GC heap after
{Heap after GC invocations=59 (full 0):
 garbage-first heap   total 293888K, used 167627K [0x0000000080000000, 0x0000000100000000)
  region size 1024K, 7 young (7168K), 7 survivors (7168K)
 Metaspace       used 129151K, committed 131456K, reserved 1179648K
  class space    used 17949K, committed 19072K, reserved 1048576K
}

