# JRE version: OpenJDK Runtime Environment (21.0.8) (build 21.0.8+-14018985-b1038.68)
# Java VM: OpenJDK 64-Bit Server VM (21.0.8+-14018985-b1038.68, mixed mode, tiered, compressed oops, compressed class ptrs, g1 gc, windows-amd64)
GC Precious Log:
 CardTable entry size: 512
 Card Set container configuration: InlinePtr #cards 5 size 8 Array Of Cards #cards 12 size 40 Howl #buckets 4 coarsen threshold 1843 Howl Bitmap #cards 512 size 80 coarsen threshold 460 Card regions per heap region 1 cards per card region 2048
 CPUs: 4 total, 4 available
 Memory: 7975M
 Large Page Support: Disabled
 NUMA Support: Disabled
 Compressed Oops: Enabled (32-bit)
 Heap Region Size: 1M
 Heap Min Capacity: 8M
 Heap Initial Capacity: 126M
 Heap Max Capacity: 2G
 Pre-touch: Disabled
 Parallel Workers: 4
 Concurrent Workers: 1
 Concurrent Refinement Workers: 4
 Periodic GC: Disabled
Heap:
 garbage-first heap   total 87040K, used 45889K [0x0000000080000000, 0x0000000100000000)
  region size 1024K, 13 young (13312K), 3 survivors (3072K)
 Metaspace       used 55970K, committed 57408K, reserved 1114112K
  class space    used 7855K, committed 8512K, reserved 1048576K
GC Heap History (20 events):
Event: 0.576 GC heap before
{Heap before GC invocations=1 (full 0):
 garbage-first heap   total 129024K, used 28842K [0x0000000080000000, 0x0000000100000000)
  region size 1024K, 27 young (27648K), 2 survivors (2048K)
 Metaspace       used 11322K, committed 11456K, reserved 1114112K
  class space    used 1233K, committed 1280K, reserved 1048576K
}
Event: 0.580 GC heap after
{Heap after GC invocations=2 (full 0):
 garbage-first heap   total 129024K, used 10304K [0x0000000080000000, 0x0000000100000000)
  region size 1024K, 4 young (4096K), 4 survivors (4096K)
 Metaspace       used 11322K, committed 11456K, reserved 1114112K
  class space    used 1233K, committed 1280K, reserved 1048576K
}
Event: 1.159 GC heap before
{Heap before GC invocations=2 (full 0):
 garbage-first heap   total 129024K, used 84032K [0x0000000080000000, 0x0000000100000000)
  region size 1024K, 75 young (76800K), 4 survivors (4096K)
 Metaspace       used 16487K, committed 16704K, reserved 1114112K
  class space    used 1912K, committed 1984K, reserved 1048576K
}
Event: 1.164 GC heap after
{Heap after GC invocations=3 (full 0):
 garbage-first heap   total 129024K, used 17643K [0x0000000080000000, 0x0000000100000000)
  region size 1024K, 10 young (10240K), 10 survivors (10240K)
 Metaspace       used 16487K, committed 16704K, reserved 1114112K
  class space    used 1912K, committed 1984K, reserved 1048576K
}
Event: 1.428 GC heap before
{Heap before GC invocations=3 (full 0):
 garbage-first heap   total 129024K, used 34027K [0x0000000080000000, 0x0000000100000000)
  region size 1024K, 28 young (28672K), 10 survivors (10240K)
 Metaspace       used 21183K, committed 21504K, reserved 1114112K
  class space    used 2534K, committed 2688K, reserved 1048576K
}
Event: 1.435 GC heap after
{Heap after GC invocations=4 (full 0):
 garbage-first heap   total 129024K, used 20399K [0x0000000080000000, 0x0000000100000000)
  region size 1024K, 3 young (3072K), 3 survivors (3072K)
 Metaspace       used 21183K, committed 21504K, reserved 1114112K
  class space    used 2534K, committed 2688K, reserved 1048576K
}
Event: 1.886 GC heap before
{Heap before GC invocations=5 (full 0):
 garbage-first heap   total 71680K, used 59311K [0x0000000080000000, 0x0000000100000000)
  region size 1024K, 42 young (43008K), 3 survivors (3072K)
 Metaspace       used 28077K, committed 28544K, reserved 1114112K
  class space    used 3633K, committed 3840K, reserved 1048576K
}
Event: 1.890 GC heap after
{Heap after GC invocations=6 (full 0):
 garbage-first heap   total 71680K, used 22004K [0x0000000080000000, 0x0000000100000000)
  region size 1024K, 4 young (4096K), 4 survivors (4096K)
 Metaspace       used 28077K, committed 28544K, reserved 1114112K
  class space    used 3633K, committed 3840K, reserved 1048576K
}
Event: 2.280 GC heap before
{Heap before GC invocations=6 (full 0):
 garbage-first heap   total 71680K, used 57844K [0x0000000080000000, 0x0000000100000000)
  region size 1024K, 40 young (40960K), 4 survivors (4096K)
 Metaspace       used 32924K, committed 33664K, reserved 1114112K
  class space    used 4483K, committed 4800K, reserved 1048576K
}
Event: 2.285 GC heap after
{Heap after GC invocations=7 (full 0):
 garbage-first heap   total 71680K, used 24806K [0x0000000080000000, 0x0000000100000000)
  region size 1024K, 5 young (5120K), 5 survivors (5120K)
 Metaspace       used 32924K, committed 33664K, reserved 1114112K
  class space    used 4483K, committed 4800K, reserved 1048576K
}
Event: 2.457 GC heap before
{Heap before GC invocations=7 (full 0):
 garbage-first heap   total 71680K, used 39142K [0x0000000080000000, 0x0000000100000000)
  region size 1024K, 20 young (20480K), 5 survivors (5120K)
 Metaspace       used 35207K, committed 35968K, reserved 1114112K
  class space    used 4876K, committed 5248K, reserved 1048576K
}
Event: 2.461 GC heap after
{Heap after GC invocations=8 (full 0):
 garbage-first heap   total 71680K, used 25443K [0x0000000080000000, 0x0000000100000000)
  region size 1024K, 1 young (1024K), 1 survivors (1024K)
 Metaspace       used 35207K, committed 35968K, reserved 1114112K
  class space    used 4876K, committed 5248K, reserved 1048576K
}
Event: 2.911 GC heap before
{Heap before GC invocations=9 (full 0):
 garbage-first heap   total 71680K, used 61283K [0x0000000080000000, 0x0000000100000000)
  region size 1024K, 36 young (36864K), 1 survivors (1024K)
 Metaspace       used 42518K, committed 43328K, reserved 1114112K
  class space    used 5862K, committed 6208K, reserved 1048576K
}
Event: 2.916 GC heap after
{Heap after GC invocations=10 (full 0):
 garbage-first heap   total 71680K, used 28990K [0x0000000080000000, 0x0000000100000000)
  region size 1024K, 5 young (5120K), 5 survivors (5120K)
 Metaspace       used 42518K, committed 43328K, reserved 1114112K
  class space    used 5862K, committed 6208K, reserved 1048576K
}
Event: 3.186 GC heap before
{Heap before GC invocations=10 (full 0):
 garbage-first heap   total 71680K, used 59710K [0x0000000080000000, 0x0000000100000000)
  region size 1024K, 36 young (36864K), 5 survivors (5120K)
 Metaspace       used 44450K, committed 45376K, reserved 1114112K
  class space    used 6079K, committed 6528K, reserved 1048576K
}
Event: 3.192 GC heap after
{Heap after GC invocations=11 (full 0):
 garbage-first heap   total 86016K, used 31267K [0x0000000080000000, 0x0000000100000000)
  region size 1024K, 3 young (3072K), 3 survivors (3072K)
 Metaspace       used 44450K, committed 45376K, reserved 1114112K
  class space    used 6079K, committed 6528K, reserved 1048576K
}
Event: 4.019 GC heap before
{Heap before GC invocations=11 (full 0):
 garbage-first heap   total 86016K, used 79395K [0x0000000080000000, 0x0000000100000000)
  region size 1024K, 46 young (47104K), 3 survivors (3072K)
 Metaspace       used 50181K, committed 51456K, reserved 1114112K
  class space    used 6888K, committed 7488K, reserved 1048576K
}
Event: 4.026 GC heap after
{Heap after GC invocations=12 (full 0):
 garbage-first heap   total 87040K, used 34285K [0x0000000080000000, 0x0000000100000000)
  region size 1024K, 6 young (6144K), 6 survivors (6144K)
 Metaspace       used 50181K, committed 51456K, reserved 1114112K
  class space    used 6888K, committed 7488K, reserved 1048576K
}
Event: 4.678 GC heap before
{Heap before GC invocations=12 (full 0):
 garbage-first heap   total 87040K, used 75245K [0x0000000080000000, 0x0000000100000000)
  region size 1024K, 46 young (47104K), 6 survivors (6144K)
 Metaspace       used 55427K, committed 56896K, reserved 1114112K
  class space    used 7790K, committed 8512K, reserved 1048576K
}
Event: 4.688 GC heap after
{Heap after GC invocations=13 (full 0):
 garbage-first heap   total 87040K, used 36673K [0x0000000080000000, 0x0000000100000000)
  region size 1024K, 3 young (3072K), 3 survivors (3072K)
 Metaspace       used 55427K, committed 56896K, reserved 1114112K
  class space    used 7790K, committed 8512K, reserved 1048576K
}

