# JRE version: OpenJDK Runtime Environment (21.0.8) (build 21.0.8+-14018985-b1038.68)
# Java VM: OpenJDK 64-Bit Server VM (21.0.8+-14018985-b1038.68, mixed mode, tiered, compressed oops, compressed class ptrs, g1 gc, windows-amd64)
GC Precious Log:
 CardTable entry size: 512
 Card Set container configuration: InlinePtr #cards 5 size 8 Array Of Cards #cards 12 size 40 Howl #buckets 4 coarsen threshold 1843 Howl Bitmap #cards 512 size 80 coarsen threshold 460 Card regions per heap region 1 cards per card region 2048
 CPUs: 4 total, 4 available
 Memory: 7975M
 Large Page Support: Disabled
 NUMA Support: Disabled
 Compressed Oops: Enabled (32-bit)
 Heap Region Size: 1M
 Heap Min Capacity: 8M
 Heap Initial Capacity: 126M
 Heap Max Capacity: 2G
 Pre-touch: Disabled
 Parallel Workers: 4
 Concurrent Workers: 1
 Concurrent Refinement Workers: 4
 Periodic GC: Disabled
Heap:
 garbage-first heap   total 103424K, used 74169K [0x0000000080000000, 0x0000000100000000)
  region size 1024K, 34 young (34816K), 4 survivors (4096K)
 Metaspace       used 69200K, committed 70912K, reserved 1114112K
  class space    used 9787K, committed 10624K, reserved 1048576K
GC Heap History (20 events):
Event: 3.591 GC heap before
{Heap before GC invocations=6 (full 0):
 garbage-first heap   total 71680K, used 58136K [0x0000000080000000, 0x0000000100000000)
  region size 1024K, 40 young (40960K), 4 survivors (4096K)
 Metaspace       used 32914K, committed 33664K, reserved 1114112K
  class space    used 4480K, committed 4800K, reserved 1048576K
}
Event: 3.600 GC heap after
{Heap after GC invocations=7 (full 0):
 garbage-first heap   total 71680K, used 24807K [0x0000000080000000, 0x0000000100000000)
  region size 1024K, 5 young (5120K), 5 survivors (5120K)
 Metaspace       used 32914K, committed 33664K, reserved 1114112K
  class space    used 4480K, committed 4800K, reserved 1048576K
}
Event: 3.850 GC heap before
{Heap before GC invocations=7 (full 0):
 garbage-first heap   total 71680K, used 40167K [0x0000000080000000, 0x0000000100000000)
  region size 1024K, 21 young (21504K), 5 survivors (5120K)
 Metaspace       used 35202K, committed 35968K, reserved 1114112K
  class space    used 4874K, committed 5248K, reserved 1048576K
}
Event: 3.858 GC heap after
{Heap after GC invocations=8 (full 0):
 garbage-first heap   total 71680K, used 25757K [0x0000000080000000, 0x0000000100000000)
  region size 1024K, 2 young (2048K), 2 survivors (2048K)
 Metaspace       used 35202K, committed 35968K, reserved 1114112K
  class space    used 4874K, committed 5248K, reserved 1048576K
}
Event: 4.650 GC heap before
{Heap before GC invocations=9 (full 0):
 garbage-first heap   total 71680K, used 59549K [0x0000000080000000, 0x0000000100000000)
  region size 1024K, 36 young (36864K), 2 survivors (2048K)
 Metaspace       used 42479K, committed 43328K, reserved 1114112K
  class space    used 5858K, committed 6208K, reserved 1048576K
}
Event: 4.656 GC heap after
{Heap after GC invocations=10 (full 0):
 garbage-first heap   total 71680K, used 28938K [0x0000000080000000, 0x0000000100000000)
  region size 1024K, 5 young (5120K), 5 survivors (5120K)
 Metaspace       used 42479K, committed 43328K, reserved 1114112K
  class space    used 5858K, committed 6208K, reserved 1048576K
}
Event: 5.052 GC heap before
{Heap before GC invocations=10 (full 0):
 garbage-first heap   total 71680K, used 59658K [0x0000000080000000, 0x0000000100000000)
  region size 1024K, 36 young (36864K), 5 survivors (5120K)
 Metaspace       used 44384K, committed 45376K, reserved 1114112K
  class space    used 6070K, committed 6528K, reserved 1048576K
}
Event: 5.061 GC heap after
{Heap after GC invocations=11 (full 0):
 garbage-first heap   total 71680K, used 31184K [0x0000000080000000, 0x0000000100000000)
  region size 1024K, 3 young (3072K), 3 survivors (3072K)
 Metaspace       used 44384K, committed 45376K, reserved 1114112K
  class space    used 6070K, committed 6528K, reserved 1048576K
}
Event: 5.171 GC heap before
{Heap before GC invocations=11 (full 0):
 garbage-first heap   total 71680K, used 40400K [0x0000000080000000, 0x0000000100000000)
  region size 1024K, 10 young (10240K), 3 survivors (3072K)
 Metaspace       used 45054K, committed 46016K, reserved 1114112K
  class space    used 6169K, committed 6592K, reserved 1048576K
}
Event: 5.175 GC heap after
{Heap after GC invocations=12 (full 0):
 garbage-first heap   total 86016K, used 33373K [0x0000000080000000, 0x0000000100000000)
  region size 1024K, 3 young (3072K), 3 survivors (3072K)
 Metaspace       used 45054K, committed 46016K, reserved 1114112K
  class space    used 6169K, committed 6592K, reserved 1048576K
}
Event: 5.835 GC heap before
{Heap before GC invocations=12 (full 0):
 garbage-first heap   total 86016K, used 77405K [0x0000000080000000, 0x0000000100000000)
  region size 1024K, 44 young (45056K), 3 survivors (3072K)
 Metaspace       used 50773K, committed 52160K, reserved 1114112K
  class space    used 6993K, committed 7680K, reserved 1048576K
}
Event: 5.845 GC heap after
{Heap after GC invocations=13 (full 0):
 garbage-first heap   total 86016K, used 34218K [0x0000000080000000, 0x0000000100000000)
  region size 1024K, 6 young (6144K), 6 survivors (6144K)
 Metaspace       used 50773K, committed 52160K, reserved 1114112K
  class space    used 6993K, committed 7680K, reserved 1048576K
}
Event: 6.528 GC heap before
{Heap before GC invocations=13 (full 0):
 garbage-first heap   total 86016K, used 74154K [0x0000000080000000, 0x0000000100000000)
  region size 1024K, 45 young (46080K), 6 survivors (6144K)
 Metaspace       used 55544K, committed 57024K, reserved 1114112K
  class space    used 7800K, committed 8512K, reserved 1048576K
}
Event: 6.539 GC heap after
{Heap after GC invocations=14 (full 0):
 garbage-first heap   total 86016K, used 37204K [0x0000000080000000, 0x0000000100000000)
  region size 1024K, 6 young (6144K), 6 survivors (6144K)
 Metaspace       used 55544K, committed 57024K, reserved 1114112K
  class space    used 7800K, committed 8512K, reserved 1048576K
}
Event: 6.972 GC heap before
{Heap before GC invocations=14 (full 0):
 garbage-first heap   total 86016K, used 75092K [0x0000000080000000, 0x0000000100000000)
  region size 1024K, 42 young (43008K), 6 survivors (6144K)
 Metaspace       used 57877K, committed 59328K, reserved 1114112K
  class space    used 8027K, committed 8704K, reserved 1048576K
}
Event: 6.981 GC heap after
{Heap after GC invocations=15 (full 0):
 garbage-first heap   total 86016K, used 40211K [0x0000000080000000, 0x0000000100000000)
  region size 1024K, 4 young (4096K), 4 survivors (4096K)
 Metaspace       used 57877K, committed 59328K, reserved 1114112K
  class space    used 8027K, committed 8704K, reserved 1048576K
}
Event: 7.147 GC heap before
{Heap before GC invocations=15 (full 0):
 garbage-first heap   total 86016K, used 52499K [0x0000000080000000, 0x0000000100000000)
  region size 1024K, 17 young (17408K), 4 survivors (4096K)
 Metaspace       used 58655K, committed 60160K, reserved 1114112K
  class space    used 8165K, committed 8896K, reserved 1048576K
}
Event: 7.153 GC heap after
{Heap after GC invocations=16 (full 0):
 garbage-first heap   total 103424K, used 41586K [0x0000000080000000, 0x0000000100000000)
  region size 1024K, 2 young (2048K), 2 survivors (2048K)
 Metaspace       used 58655K, committed 60160K, reserved 1114112K
  class space    used 8165K, committed 8896K, reserved 1048576K
}
Event: 7.952 GC heap before
{Heap before GC invocations=17 (full 0):
 garbage-first heap   total 103424K, used 91762K [0x0000000080000000, 0x0000000100000000)
  region size 1024K, 51 young (52224K), 2 survivors (2048K)
 Metaspace       used 65492K, committed 67072K, reserved 1114112K
  class space    used 9167K, committed 9920K, reserved 1048576K
}
Event: 7.959 GC heap after
{Heap after GC invocations=18 (full 0):
 garbage-first heap   total 103424K, used 44473K [0x0000000080000000, 0x0000000100000000)
  region size 1024K, 4 young (4096K), 4 survivors (4096K)
 Metaspace       used 65492K, committed 67072K, reserved 1114112K
  class space    used 9167K, committed 9920K, reserved 1048576K
}

